<?xml version="1.0" encoding="UTF-8"?>
<!-- Generated by org.testng.reporters.JUnitReportReporter -->
<testsuite skipped="0" hostname="LAPTOP-N878LPO4" name="annotationFrameBrowser.LoginToVtiger" tests="2" failures="0" timestamp="01 Mar 2020 16:47:16 GMT" time="112.212" errors="0">
  <testcase name="login" time="56.413" classname="annotationFrameBrowser.LoginToVtiger"/>
  <testcase name="login" time="55.799" classname="annotationFrameBrowser.LoginToVtiger"/>
</testsuite> <!-- annotationFrameBrowser.LoginToVtiger -->
