<?xml version="1.0" encoding="UTF-8"?>
<!-- Generated by org.testng.reporters.JUnitReportReporter -->
<testsuite skipped="1" hostname="LAPTOP-N878LPO4" name="annotationFrameBrowser.DemoTest" tests="6" failures="0" timestamp="28 Feb 2020 18:55:21 GMT" time="0.037" errors="0">
  <testcase name="modifyUser" time="0.000" classname="annotationFrameBrowser.DemoTest"/>
  <testcase name="createUser" time="0.000" classname="annotationFrameBrowser.DemoTest"/>
  <testcase name="createUser" time="0.009" classname="annotationFrameBrowser.DemoTest"/>
  <testcase name="createUser" time="0.018" classname="annotationFrameBrowser.DemoTest"/>
  <testcase name="createUser" time="0.010" classname="annotationFrameBrowser.DemoTest"/>
  <testcase name="deleteUser" classname="annotationFrameBrowser.DemoTest">
    <skipped/>
  </testcase> <!-- deleteUser -->
</testsuite> <!-- annotationFrameBrowser.DemoTest -->
