<?xml version="1.0" encoding="UTF-8"?>
<!-- Generated by org.testng.reporters.JUnitReportReporter -->
<testsuite skipped="0" hostname="LAPTOP-N878LPO4" name="annotationFrameBrowser.SampleSchedule1" tests="3" failures="0" timestamp="01 Mar 2020 17:02:24 GMT" time="0.025" errors="0">
  <testcase name="createUser" time="0.019" classname="annotationFrameBrowser.SampleSchedule1"/>
  <testcase name="modifyUser" time="0.002" classname="annotationFrameBrowser.SampleSchedule1"/>
  <testcase name="deleteUser" time="0.004" classname="annotationFrameBrowser.SampleSchedule1"/>
</testsuite> <!-- annotationFrameBrowser.SampleSchedule1 -->
