<?xml version="1.0" encoding="UTF-8"?>
<!-- Generated by org.testng.reporters.JUnitReportReporter -->
<testsuite skipped="0" hostname="LAPTOP-N878LPO4" name="annotationFrameBrowser.NavigateLeads" tests="2" failures="0" timestamp="01 Mar 2020 16:47:16 GMT" time="142.381" errors="0">
  <testcase name="checkLead" time="72.793" classname="annotationFrameBrowser.NavigateLeads"/>
  <testcase name="checkLead" time="69.588" classname="annotationFrameBrowser.NavigateLeads"/>
</testsuite> <!-- annotationFrameBrowser.NavigateLeads -->
