<?xml version="1.0" encoding="UTF-8"?>
<!-- Generated by org.testng.reporters.JUnitReportReporter -->
<testsuite skipped="0" hostname="LAPTOP-N878LPO4" name="com.vtiger.testScripts.TestCase3" tests="1" failures="0" timestamp="04 Mar 2020 11:22:31 GMT" time="44.608" errors="0">
  <testcase name="CaseTest1" time="44.608" classname="com.vtiger.testScripts.TestCase3"/>
</testsuite> <!-- com.vtiger.testScripts.TestCase3 -->
