<?xml version="1.0" encoding="UTF-8"?>
<!-- Generated by org.testng.reporters.JUnitReportReporter -->
<testsuite skipped="0" hostname="LAPTOP-N878LPO4" name="seleniumPractice.Samplii" tests="1" failures="0" timestamp="02 May 2020 17:17:24 GMT" time="0.012" errors="0">
  <testcase name="checkAssertion" time="0.012" classname="seleniumPractice.Samplii"/>
</testsuite> <!-- seleniumPractice.Samplii -->
