<?xml version="1.0" encoding="UTF-8"?>
<!-- Generated by org.testng.reporters.JUnitReportReporter -->
<testsuite skipped="0" hostname="LAPTOP-N878LPO4" name="annotationFrameBrowser.DemoTest1" tests="3" failures="0" timestamp="28 Feb 2020 18:29:56 GMT" time="0.029" errors="0">
  <testcase name="createUser" time="0.013" classname="annotationFrameBrowser.DemoTest1"/>
  <testcase name="modifyUser" time="0.007" classname="annotationFrameBrowser.DemoTest1"/>
  <testcase name="deleteUser" time="0.009" classname="annotationFrameBrowser.DemoTest1"/>
</testsuite> <!-- annotationFrameBrowser.DemoTest1 -->
