<?xml version="1.0" encoding="UTF-8"?>
<!-- Generated by org.testng.reporters.JUnitReportReporter -->
<testsuite skipped="0" hostname="LAPTOP-N878LPO4" name="annotationFrameBrowser.SampleSchedule" tests="1" failures="0" timestamp="01 Mar 2020 16:58:49 GMT" time="0.018" errors="0">
  <testcase name="createUser" time="0.018" classname="annotationFrameBrowser.SampleSchedule"/>
</testsuite> <!-- annotationFrameBrowser.SampleSchedule -->
